# JRE version: Java(TM) SE Runtime Environment (8.0_121-b13) (build 1.8.0_121-b13)
# Java VM: Java HotSpot(TM) 64-Bit Server VM (25.121-b13 mixed mode windows-amd64 compressed oops)
Heap:
 PSYoungGen      total 127488K, used 9406K [0x00000000eb400000, 0x00000000f3a80000, 0x0000000100000000)
  eden space 117760K, 7% used [0x00000000eb400000,0x00000000ebd2fab8,0x00000000f2700000)
  from space 9728K, 0% used [0x00000000f2780000,0x00000000f2780000,0x00000000f3100000)
  to   space 8704K, 0% used [0x00000000f3200000,0x00000000f3200000,0x00000000f3a80000)
 ParOldGen       total 38912K, used 14454K [0x00000000c1c00000, 0x00000000c4200000, 0x00000000eb400000)
  object space 38912K, 37% used [0x00000000c1c00000,0x00000000c2a1db10,0x00000000c4200000)
 Metaspace       used 34328K, capacity 35572K, committed 35712K, reserved 1079296K
  class space    used 4687K, capacity 4964K, committed 4992K, reserved 1048576K
GC Heap History (10 events):
Event: 6.483 GC heap before
{Heap before GC invocations=7 (full 1):
 PSYoungGen      total 70144K, used 5605K [0x00000000eb400000, 0x00000000f0100000, 0x0000000100000000)
  eden space 64512K, 0% used [0x00000000eb400000,0x00000000eb400000,0x00000000ef300000)
  from space 5632K, 99% used [0x00000000ef980000,0x00000000efef95e0,0x00000000eff00000)
  to   space 6656K, 0% used [0x00000000ef300000,0x00000000ef300000,0x00000000ef980000)
 ParOldGen       total 44032K, used 10174K [0x00000000c1c00000, 0x00000000c4700000, 0x00000000eb400000)
  object space 44032K, 23% used [0x00000000c1c00000,0x00000000c25ef8a0,0x00000000c4700000)
 Metaspace       used 20632K, capacity 21284K, committed 21296K, reserved 1067008K
  class space    used 2757K, capacity 2934K, committed 2944K, reserved 1048576K
Event: 6.519 GC heap after
Heap after GC invocations=7 (full 1):
 PSYoungGen      total 70144K, used 0K [0x00000000eb400000, 0x00000000f0100000, 0x0000000100000000)
  eden space 64512K, 0% used [0x00000000eb400000,0x00000000eb400000,0x00000000ef300000)
  from space 5632K, 0% used [0x00000000ef980000,0x00000000ef980000,0x00000000eff00000)
  to   space 6656K, 0% used [0x00000000ef300000,0x00000000ef300000,0x00000000ef980000)
 ParOldGen       total 30208K, used 8529K [0x00000000c1c00000, 0x00000000c3980000, 0x00000000eb400000)
  object space 30208K, 28% used [0x00000000c1c00000,0x00000000c2454520,0x00000000c3980000)
 Metaspace       used 20632K, capacity 21284K, committed 21296K, reserved 1067008K
  class space    used 2757K, capacity 2934K, committed 2944K, reserved 1048576K
}
Event: 18.928 GC heap before
{Heap before GC invocations=8 (full 1):
 PSYoungGen      total 70144K, used 64512K [0x00000000eb400000, 0x00000000f0100000, 0x0000000100000000)
  eden space 64512K, 100% used [0x00000000eb400000,0x00000000ef300000,0x00000000ef300000)
  from space 5632K, 0% used [0x00000000ef980000,0x00000000ef980000,0x00000000eff00000)
  to   space 6656K, 0% used [0x00000000ef300000,0x00000000ef300000,0x00000000ef980000)
 ParOldGen       total 30208K, used 8529K [0x00000000c1c00000, 0x00000000c3980000, 0x00000000eb400000)
  object space 30208K, 28% used [0x00000000c1c00000,0x00000000c2454520,0x00000000c3980000)
 Metaspace       used 26735K, capacity 27712K, committed 27904K, reserved 1073152K
  class space    used 3602K, capacity 3834K, committed 3840K, reserved 1048576K
Event: 18.965 GC heap after
Heap after GC invocations=8 (full 1):
 PSYoungGen      total 71168K, used 6649K [0x00000000eb400000, 0x00000000f3a80000, 0x0000000100000000)
  eden space 64512K, 0% used [0x00000000eb400000,0x00000000eb400000,0x00000000ef300000)
  from space 6656K, 99% used [0x00000000ef300000,0x00000000ef97e780,0x00000000ef980000)
  to   space 8704K, 0% used [0x00000000f3200000,0x00000000f3200000,0x00000000f3a80000)
 ParOldGen       total 30208K, used 10395K [0x00000000c1c00000, 0x00000000c3980000, 0x00000000eb400000)
  object space 30208K, 34% used [0x00000000c1c00000,0x00000000c2626fe8,0x00000000c3980000)
 Metaspace       used 26735K, capacity 27712K, committed 27904K, reserved 1073152K
  class space    used 3602K, capacity 3834K, committed 3840K, reserved 1048576K
}
Event: 28.136 GC heap before
{Heap before GC invocations=9 (full 1):
 PSYoungGen      total 71168K, used 71161K [0x00000000eb400000, 0x00000000f3a80000, 0x0000000100000000)
  eden space 64512K, 100% used [0x00000000eb400000,0x00000000ef300000,0x00000000ef300000)
  from space 6656K, 99% used [0x00000000ef300000,0x00000000ef97e780,0x00000000ef980000)
  to   space 8704K, 0% used [0x00000000f3200000,0x00000000f3200000,0x00000000f3a80000)
 ParOldGen       total 30208K, used 10395K [0x00000000c1c00000, 0x00000000c3980000, 0x00000000eb400000)
  object space 30208K, 34% used [0x00000000c1c00000,0x00000000c2626fe8,0x00000000c3980000)
 Metaspace       used 31094K, capacity 32202K, committed 32512K, reserved 1077248K
  class space    used 4236K, capacity 4493K, committed 4608K, reserved 1048576K
Event: 28.155 GC heap after
Heap after GC invocations=9 (full 1):
 PSYoungGen      total 126464K, used 8675K [0x00000000eb400000, 0x00000000f3a80000, 0x0000000100000000)
  eden space 117760K, 0% used [0x00000000eb400000,0x00000000eb400000,0x00000000f2700000)
  from space 8704K, 99% used [0x00000000f3200000,0x00000000f3a78f08,0x00000000f3a80000)
  to   space 9728K, 0% used [0x00000000f2780000,0x00000000f2780000,0x00000000f3100000)
 ParOldGen       total 30208K, used 11144K [0x00000000c1c00000, 0x00000000c3980000, 0x00000000eb400000)
  object space 30208K, 36% used [0x00000000c1c00000,0x00000000c26e2208,0x00000000c3980000)
 Metaspace       used 31094K, capacity 32202K, committed 32512K, reserved 1077248K
  class space    used 4236K, capacity 4493K, committed 4608K, reserved 1048576K
}
Event: 218.252 GC heap before
{Heap before GC invocations=10 (full 1):
 PSYoungGen      total 126464K, used 58830K [0x00000000eb400000, 0x00000000f3a80000, 0x0000000100000000)
  eden space 117760K, 42% used [0x00000000eb400000,0x00000000ee4fabb0,0x00000000f2700000)
  from space 8704K, 99% used [0x00000000f3200000,0x00000000f3a78f08,0x00000000f3a80000)
  to   space 9728K, 0% used [0x00000000f2780000,0x00000000f2780000,0x00000000f3100000)
 ParOldGen       total 30208K, used 11144K [0x00000000c1c00000, 0x00000000c3980000, 0x00000000eb400000)
  object space 30208K, 36% used [0x00000000c1c00000,0x00000000c26e2208,0x00000000c3980000)
 Metaspace       used 34192K, capacity 35394K, committed 35496K, reserved 1079296K
  class space    used 4667K, capacity 4929K, committed 4992K, reserved 1048576K
Event: 218.325 GC heap after
Heap after GC invocations=10 (full 1):
 PSYoungGen      total 127488K, used 9719K [0x00000000eb400000, 0x00000000f3a80000, 0x0000000100000000)
  eden space 117760K, 0% used [0x00000000eb400000,0x00000000eb400000,0x00000000f2700000)
  from space 9728K, 99% used [0x00000000f2780000,0x00000000f30fdd48,0x00000000f3100000)
  to   space 8704K, 0% used [0x00000000f3200000,0x00000000f3200000,0x00000000f3a80000)
 ParOldGen       total 30208K, used 11206K [0x00000000c1c00000, 0x00000000c3980000, 0x00000000eb400000)
  object space 30208K, 37% used [0x00000000c1c00000,0x00000000c26f1a90,0x00000000c3980000)
 Metaspace       used 34192K, capacity 35394K, committed 35496K, reserved 1079296K
  class space    used 4667K, capacity 4929K, committed 4992K, reserved 1048576K
}
Event: 218.326 GC heap before
{Heap before GC invocations=11 (full 2):
 PSYoungGen      total 127488K, used 9719K [0x00000000eb400000, 0x00000000f3a80000, 0x0000000100000000)
  eden space 117760K, 0% used [0x00000000eb400000,0x00000000eb400000,0x00000000f2700000)
  from space 9728K, 99% used [0x00000000f2780000,0x00000000f30fdd48,0x00000000f3100000)
  to   space 8704K, 0% used [0x00000000f3200000,0x00000000f3200000,0x00000000f3a80000)
 ParOldGen       total 30208K, used 11206K [0x00000000c1c00000, 0x00000000c3980000, 0x00000000eb400000)
  object space 30208K, 37% used [0x00000000c1c00000,0x00000000c26f1a90,0x00000000c3980000)
 Metaspace       used 34192K, capacity 35394K, committed 35496K, reserved 1079296K
  class space    used 4667K, capacity 4929K, committed 4992K, reserved 1048576K
Event: 218.397 GC heap after
Heap after GC invocations=11 (full 2):
 PSYoungGen      total 127488K, used 0K [0x00000000eb400000, 0x00000000f3a80000, 0x0000000100000000)
  eden space 117760K, 0% used [0x00000000eb400000,0x00000000eb400000,0x00000000f2700000)
  from space 9728K, 0% used [0x00000000f2780000,0x00000000f2780000,0x00000000f3100000)
  to   space 8704K, 0% used [0x00000000f3200000,0x00000000f3200000,0x00000000f3a80000)
 ParOldGen       total 38912K, used 14454K [0x00000000c1c00000, 0x00000000c4200000, 0x00000000eb400000)
  object space 38912K, 37% used [0x00000000c1c00000,0x00000000c2a1db10,0x00000000c4200000)
 Metaspace       used 34192K, capacity 35394K, committed 35496K, reserved 1079296K
  class space    used 4667K, capacity 4929K, committed 4992K, reserved 1048576K
}

